{"C:\\Users\\361\\Documents\\GitHub\\glottis\\src\\lib\\deckUtils.ts": {"path":"C:\\Users\\361\\Documents\\GitHub\\glottis\\src\\lib\\deckUtils.ts","statementMap":{"0":{"start":{"line":9,"column":15},"end":{"line":9,"column":null}},"1":{"start":{"line":10,"column":18},"end":{"line":10,"column":null}},"2":{"start":{"line":11,"column":2},"end":{"line":11,"column":null}}},"fnMap":{"0":{"name":"isValidDeckEntry","decl":{"start":{"line":5,"column":16},"end":{"line":5,"column":33}},"loc":{"start":{"line":8,"column":12},"end":{"line":12,"column":null}},"line":8}},"branchMap":{"0":{"loc":{"start":{"line":9,"column":15},"end":{"line":9,"column":null}},"type":"binary-expr","locations":[{"start":{"line":9,"column":15},"end":{"line":9,"column":30}},{"start":{"line":9,"column":30},"end":{"line":9,"column":null}}],"line":9},"1":{"loc":{"start":{"line":10,"column":18},"end":{"line":10,"column":null}},"type":"binary-expr","locations":[{"start":{"line":10,"column":18},"end":{"line":10,"column":36}},{"start":{"line":10,"column":36},"end":{"line":10,"column":null}}],"line":10},"2":{"loc":{"start":{"line":11,"column":9},"end":{"line":11,"column":null}},"type":"binary-expr","locations":[{"start":{"line":11,"column":9},"end":{"line":11,"column":31}},{"start":{"line":11,"column":31},"end":{"line":11,"column":null}}],"line":11}},"s":{"0":8,"1":8,"2":8},"f":{"0":8},"b":{"0":[8,1],"1":[8,1],"2":[8,4]},"meta":{"lastBranch":3,"lastFunction":1,"lastStatement":3,"seen":{"f:5:16:5:33":0,"s:9:15:9:Infinity":0,"b:9:15:9:30:9:30:9:Infinity":0,"s:10:18:10:Infinity":1,"b:10:18:10:36:10:36:10:Infinity":1,"s:11:2:11:Infinity":2,"b:11:9:11:31:11:31:11:Infinity":2}}}
,"C:\\Users\\361\\Documents\\GitHub\\glottis\\src\\lib\\schemas.ts": {"path":"C:\\Users\\361\\Documents\\GitHub\\glottis\\src\\lib\\schemas.ts","statementMap":{"0":{"start":{"line":3,"column":30},"end":{"line":13,"column":null}},"1":{"start":{"line":15,"column":27},"end":{"line":22,"column":null}},"2":{"start":{"line":24,"column":32},"end":{"line":33,"column":null}},"3":{"start":{"line":35,"column":33},"end":{"line":51,"column":null}}},"fnMap":{},"branchMap":{},"s":{"0":1,"1":1,"2":1,"3":1},"f":{},"b":{},"meta":{"lastBranch":0,"lastFunction":0,"lastStatement":4,"seen":{"s:3:30:13:Infinity":0,"s:15:27:22:Infinity":1,"s:24:32:33:Infinity":2,"s:35:33:51:Infinity":3}}}
,"C:\\Users\\361\\Documents\\GitHub\\glottis\\src\\lib\\types.ts": {"path":"C:\\Users\\361\\Documents\\GitHub\\glottis\\src\\lib\\types.ts","statementMap":{},"fnMap":{},"branchMap":{},"s":{},"f":{},"b":{},"meta":{"lastBranch":0,"lastFunction":0,"lastStatement":0,"seen":{}}}
,"C:\\Users\\361\\Documents\\GitHub\\glottis\\src\\lib\\utils.ts": {"path":"C:\\Users\\361\\Documents\\GitHub\\glottis\\src\\lib\\utils.ts","statementMap":{"0":{"start":{"line":5,"column":2},"end":{"line":5,"column":null}}},"fnMap":{"0":{"name":"cn","decl":{"start":{"line":4,"column":16},"end":{"line":4,"column":22}},"loc":{"start":{"line":4,"column":44},"end":{"line":6,"column":null}},"line":4}},"branchMap":{},"s":{"0":7},"f":{"0":7},"b":{},"meta":{"lastBranch":0,"lastFunction":1,"lastStatement":1,"seen":{"f:4:16:4:22":0,"s:5:2:5:Infinity":0}}}
,"C:\\Users\\361\\Documents\\GitHub\\glottis\\utils\\flashcardUtils.js": {"path":"C:\\Users\\361\\Documents\\GitHub\\glottis\\utils\\flashcardUtils.js","statementMap":{"0":{"start":{"line":8,"column":2},"end":{"line":20,"column":3}},"1":{"start":{"line":10,"column":6},"end":{"line":10,"column":25}},"2":{"start":{"line":12,"column":6},"end":{"line":12,"column":20}},"3":{"start":{"line":14,"column":6},"end":{"line":14,"column":22}},"4":{"start":{"line":16,"column":6},"end":{"line":16,"column":20}},"5":{"start":{"line":19,"column":6},"end":{"line":19,"column":25}}},"fnMap":{"0":{"name":"gradeToRevisionField","decl":{"start":{"line":7,"column":16},"end":{"line":7,"column":36}},"loc":{"start":{"line":7,"column":44},"end":{"line":21,"column":1}},"line":7}},"branchMap":{"0":{"loc":{"start":{"line":8,"column":2},"end":{"line":20,"column":3}},"type":"switch","locations":[{"start":{"line":9,"column":4},"end":{"line":10,"column":25}},{"start":{"line":11,"column":4},"end":{"line":12,"column":20}},{"start":{"line":13,"column":4},"end":{"line":14,"column":22}},{"start":{"line":15,"column":4},"end":{"line":16,"column":20}},{"start":{"line":17,"column":4},"end":{"line":17,"column":11}},{"start":{"line":18,"column":4},"end":{"line":19,"column":25}}],"line":8}},"s":{"0":8,"1":1,"2":1,"3":1,"4":1,"5":4},"f":{"0":8},"b":{"0":[1,1,1,1,1,4]},"meta":{"lastBranch":1,"lastFunction":1,"lastStatement":6,"seen":{"f:7:16:7:36":0,"b:9:4:10:25:11:4:12:20:13:4:14:22:15:4:16:20:17:4:17:11:18:4:19:25":0,"s:8:2:20:3":0,"s:10:6:10:25":1,"s:12:6:12:20":2,"s:14:6:14:22":3,"s:16:6:16:20":4,"s:19:6:19:25":5}}}
,"C:\\Users\\361\\Documents\\GitHub\\glottis\\utils\\mlTrainingUtils.js": {"path":"C:\\Users\\361\\Documents\\GitHub\\glottis\\utils\\mlTrainingUtils.js","statementMap":{"0":{"start":{"line":7,"column":2},"end":{"line":7,"column":61}},"1":{"start":{"line":11,"column":38},"end":{"line":11,"column":45}},"2":{"start":{"line":12,"column":22},"end":{"line":12,"column":41}},"3":{"start":{"line":14,"column":18},"end":{"line":14,"column":19}},"4":{"start":{"line":15,"column":23},"end":{"line":15,"column":49}},"5":{"start":{"line":17,"column":2},"end":{"line":19,"column":3}},"6":{"start":{"line":18,"column":4},"end":{"line":18,"column":39}},"7":{"start":{"line":21,"column":2},"end":{"line":38,"column":3}},"8":{"start":{"line":21,"column":19},"end":{"line":21,"column":20}},"9":{"start":{"line":22,"column":24},"end":{"line":22,"column":25}},"10":{"start":{"line":23,"column":21},"end":{"line":23,"column":47}},"11":{"start":{"line":25,"column":4},"end":{"line":32,"column":5}},"12":{"start":{"line":27,"column":8},"end":{"line":27,"column":83}},"13":{"start":{"line":27,"column":53},"end":{"line":27,"column":79}},"14":{"start":{"line":28,"column":16},"end":{"line":28,"column":26}},"15":{"start":{"line":29,"column":18},"end":{"line":29,"column":27}},"16":{"start":{"line":30,"column":6},"end":{"line":30,"column":27}},"17":{"start":{"line":31,"column":6},"end":{"line":31,"column":84}},"18":{"start":{"line":31,"column":19},"end":{"line":31,"column":20}},"19":{"start":{"line":31,"column":44},"end":{"line":31,"column":84}},"20":{"start":{"line":34,"column":14},"end":{"line":34,"column":28}},"21":{"start":{"line":35,"column":4},"end":{"line":35,"column":42}},"22":{"start":{"line":36,"column":4},"end":{"line":37,"column":48}},"23":{"start":{"line":36,"column":17},"end":{"line":36,"column":18}},"24":{"start":{"line":37,"column":6},"end":{"line":37,"column":48}},"25":{"start":{"line":40,"column":2},"end":{"line":40,"column":37}},"26":{"start":{"line":44,"column":10},"end":{"line":44,"column":25}},"27":{"start":{"line":45,"column":2},"end":{"line":46,"column":52}},"28":{"start":{"line":45,"column":15},"end":{"line":45,"column":16}},"29":{"start":{"line":46,"column":4},"end":{"line":46,"column":52}},"30":{"start":{"line":47,"column":2},"end":{"line":47,"column":20}},"31":{"start":{"line":51,"column":17},"end":{"line":51,"column":19}},"32":{"start":{"line":52,"column":2},"end":{"line":55,"column":3}},"33":{"start":{"line":53,"column":17},"end":{"line":53,"column":45}},"34":{"start":{"line":54,"column":4},"end":{"line":54,"column":33}},"35":{"start":{"line":56,"column":14},"end":{"line":56,"column":58}},"36":{"start":{"line":57,"column":2},"end":{"line":57,"column":13}},"37":{"start":{"line":61,"column":2},"end":{"line":61,"column":55}},"38":{"start":{"line":61,"column":38},"end":{"line":61,"column":53}},"39":{"start":{"line":62,"column":20},"end":{"line":62,"column":62}},"40":{"start":{"line":62,"column":41},"end":{"line":62,"column":54}},"41":{"start":{"line":63,"column":20},"end":{"line":63,"column":45}},"42":{"start":{"line":64,"column":2},"end":{"line":64,"column":53}},"43":{"start":{"line":64,"column":42},"end":{"line":64,"column":53}},"44":{"start":{"line":65,"column":12},"end":{"line":65,"column":13}},"45":{"start":{"line":66,"column":2},"end":{"line":68,"column":3}},"46":{"start":{"line":66,"column":15},"end":{"line":66,"column":16}},"47":{"start":{"line":67,"column":4},"end":{"line":67,"column":44}},"48":{"start":{"line":67,"column":31},"end":{"line":67,"column":44}},"49":{"start":{"line":69,"column":2},"end":{"line":69,"column":77}},"50":{"start":{"line":73,"column":2},"end":{"line":79,"column":4}},"51":{"start":{"line":74,"column":4},"end":{"line":74,"column":14}},"52":{"start":{"line":75,"column":4},"end":{"line":75,"column":35}},"53":{"start":{"line":76,"column":12},"end":{"line":76,"column":53}},"54":{"start":{"line":77,"column":4},"end":{"line":77,"column":51}},"55":{"start":{"line":78,"column":4},"end":{"line":78,"column":49}},"56":{"start":{"line":83,"column":17},"end":{"line":83,"column":45}},"57":{"start":{"line":83,"column":31},"end":{"line":83,"column":44}},"58":{"start":{"line":84,"column":14},"end":{"line":84,"column":22}},"59":{"start":{"line":85,"column":2},"end":{"line":88,"column":3}},"60":{"start":{"line":85,"column":15},"end":{"line":85,"column":29}},"61":{"start":{"line":86,"column":14},"end":{"line":86,"column":44}},"62":{"start":{"line":87,"column":4},"end":{"line":87,"column":40}},"63":{"start":{"line":89,"column":2},"end":{"line":89,"column":13}}},"fnMap":{"0":{"name":"sigmoid","decl":{"start":{"line":6,"column":16},"end":{"line":6,"column":23}},"loc":{"start":{"line":6,"column":27},"end":{"line":8,"column":1}},"line":6},"1":{"name":"trainModel","decl":{"start":{"line":10,"column":16},"end":{"line":10,"column":26}},"loc":{"start":{"line":10,"column":64},"end":{"line":41,"column":1}},"line":10},"2":{"name":"(anonymous_2)","decl":{"start":{"line":27,"column":40},"end":{"line":27,"column":41}},"loc":{"start":{"line":27,"column":53},"end":{"line":27,"column":79}},"line":27},"3":{"name":"predictProb","decl":{"start":{"line":43,"column":16},"end":{"line":43,"column":27}},"loc":{"start":{"line":43,"column":45},"end":{"line":48,"column":1}},"line":43},"4":{"name":"evaluateModel","decl":{"start":{"line":50,"column":16},"end":{"line":50,"column":29}},"loc":{"start":{"line":50,"column":46},"end":{"line":58,"column":1}},"line":50},"5":{"name":"computeAUC","decl":{"start":{"line":60,"column":16},"end":{"line":60,"column":26}},"loc":{"start":{"line":60,"column":35},"end":{"line":70,"column":1}},"line":60},"6":{"name":"(anonymous_6)","decl":{"start":{"line":61,"column":28},"end":{"line":61,"column":29}},"loc":{"start":{"line":61,"column":38},"end":{"line":61,"column":53}},"line":61},"7":{"name":"(anonymous_7)","decl":{"start":{"line":62,"column":34},"end":{"line":62,"column":35}},"loc":{"start":{"line":62,"column":41},"end":{"line":62,"column":54}},"line":62},"8":{"name":"seededRandom","decl":{"start":{"line":72,"column":16},"end":{"line":72,"column":28}},"loc":{"start":{"line":72,"column":35},"end":{"line":80,"column":1}},"line":72},"9":{"name":"(anonymous_9)","decl":{"start":{"line":73,"column":9},"end":{"line":73,"column":17}},"loc":{"start":{"line":73,"column":21},"end":{"line":79,"column":3}},"line":73},"10":{"name":"shuffle","decl":{"start":{"line":82,"column":16},"end":{"line":82,"column":23}},"loc":{"start":{"line":82,"column":41},"end":{"line":90,"column":1}},"line":82},"11":{"name":"(anonymous_11)","decl":{"start":{"line":83,"column":25},"end":{"line":83,"column":26}},"loc":{"start":{"line":83,"column":31},"end":{"line":83,"column":44}},"line":83}},"branchMap":{"0":{"loc":{"start":{"line":10,"column":50},"end":{"line":10,"column":62}},"type":"default-arg","locations":[{"start":{"line":10,"column":60},"end":{"line":10,"column":62}}],"line":10},"1":{"loc":{"start":{"line":11,"column":10},"end":{"line":11,"column":22}},"type":"default-arg","locations":[{"start":{"line":11,"column":19},"end":{"line":11,"column":22}}],"line":11},"2":{"loc":{"start":{"line":11,"column":24},"end":{"line":11,"column":33}},"type":"default-arg","locations":[{"start":{"line":11,"column":29},"end":{"line":11,"column":33}}],"line":11},"3":{"loc":{"start":{"line":17,"column":2},"end":{"line":19,"column":3}},"type":"if","locations":[{"start":{"line":17,"column":2},"end":{"line":19,"column":3}},{"start":{},"end":{}}],"line":17},"4":{"loc":{"start":{"line":27,"column":62},"end":{"line":27,"column":78}},"type":"binary-expr","locations":[{"start":{"line":27,"column":62},"end":{"line":27,"column":73}},{"start":{"line":27,"column":77},"end":{"line":27,"column":78}}],"line":27},"5":{"loc":{"start":{"line":31,"column":66},"end":{"line":31,"column":82}},"type":"binary-expr","locations":[{"start":{"line":31,"column":66},"end":{"line":31,"column":77}},{"start":{"line":31,"column":81},"end":{"line":31,"column":82}}],"line":31},"6":{"loc":{"start":{"line":46,"column":34},"end":{"line":46,"column":50}},"type":"binary-expr","locations":[{"start":{"line":46,"column":34},"end":{"line":46,"column":45}},{"start":{"line":46,"column":49},"end":{"line":46,"column":50}}],"line":46},"7":{"loc":{"start":{"line":64,"column":2},"end":{"line":64,"column":53}},"type":"if","locations":[{"start":{"line":64,"column":2},"end":{"line":64,"column":53}},{"start":{},"end":{}}],"line":64},"8":{"loc":{"start":{"line":64,"column":6},"end":{"line":64,"column":40}},"type":"binary-expr","locations":[{"start":{"line":64,"column":6},"end":{"line":64,"column":21}},{"start":{"line":64,"column":25},"end":{"line":64,"column":40}}],"line":64},"9":{"loc":{"start":{"line":67,"column":4},"end":{"line":67,"column":44}},"type":"if","locations":[{"start":{"line":67,"column":4},"end":{"line":67,"column":44}},{"start":{},"end":{}}],"line":67},"10":{"loc":{"start":{"line":82,"column":29},"end":{"line":82,"column":39}},"type":"default-arg","locations":[{"start":{"line":82,"column":35},"end":{"line":82,"column":39}}],"line":82},"11":{"loc":{"start":{"line":83,"column":17},"end":{"line":83,"column":45}},"type":"binary-expr","locations":[{"start":{"line":83,"column":17},"end":{"line":83,"column":20}},{"start":{"line":83,"column":25},"end":{"line":83,"column":44}}],"line":83}},"s":{"0":2050,"1":5,"2":5,"3":5,"4":5,"5":5,"6":1,"7":4,"8":4,"9":511,"10":511,"11":511,"12":2023,"13":4046,"14":2023,"15":2023,"16":2023,"17":2023,"18":2023,"19":4046,"20":511,"21":511,"22":511,"23":511,"24":1022,"25":511,"26":9,"27":9,"28":9,"29":18,"30":9,"31":4,"32":4,"33":6,"34":6,"35":4,"36":4,"37":11,"38":18,"39":11,"40":24,"41":11,"42":11,"43":4,"44":7,"45":7,"46":7,"47":20,"48":10,"49":7,"50":7,"51":134,"52":134,"53":134,"54":134,"55":134,"56":6,"57":6,"58":6,"59":6,"60":6,"61":14,"62":14,"63":6},"f":{"0":2050,"1":5,"2":4046,"3":9,"4":4,"5":11,"6":18,"7":24,"8":7,"9":134,"10":6,"11":6},"b":{"0":[5],"1":[5],"2":[5],"3":[1,4],"4":[4046,10],"5":[4046,10],"6":[18,3],"7":[4,7],"8":[11,8],"9":[10,10],"10":[6],"11":[6,6]},"meta":{"lastBranch":12,"lastFunction":12,"lastStatement":64,"seen":{"f:6:16:6:23":0,"s:7:2:7:61":0,"f:10:16:10:26":1,"b:10:60:10:62":0,"s:11:38:11:45":1,"b:11:19:11:22":1,"b:11:29:11:33":2,"s:12:22:12:41":2,"s:14:18:14:19":3,"s:15:23:15:49":4,"b:17:2:19:3:undefined:undefined:undefined:undefined":3,"s:17:2:19:3":5,"s:18:4:18:39":6,"s:21:2:38:3":7,"s:21:19:21:20":8,"s:22:24:22:25":9,"s:23:21:23:47":10,"s:25:4:32:5":11,"s:27:8:27:83":12,"f:27:40:27:41":2,"s:27:53:27:79":13,"b:27:62:27:73:27:77:27:78":4,"s:28:16:28:26":14,"s:29:18:29:27":15,"s:30:6:30:27":16,"s:31:6:31:84":17,"s:31:19:31:20":18,"s:31:44:31:84":19,"b:31:66:31:77:31:81:31:82":5,"s:34:14:34:28":20,"s:35:4:35:42":21,"s:36:4:37:48":22,"s:36:17:36:18":23,"s:37:6:37:48":24,"s:40:2:40:37":25,"f:43:16:43:27":3,"s:44:10:44:25":26,"s:45:2:46:52":27,"s:45:15:45:16":28,"s:46:4:46:52":29,"b:46:34:46:45:46:49:46:50":6,"s:47:2:47:20":30,"f:50:16:50:29":4,"s:51:17:51:19":31,"s:52:2:55:3":32,"s:53:17:53:45":33,"s:54:4:54:33":34,"s:56:14:56:58":35,"s:57:2:57:13":36,"f:60:16:60:26":5,"s:61:2:61:55":37,"f:61:28:61:29":6,"s:61:38:61:53":38,"s:62:20:62:62":39,"f:62:34:62:35":7,"s:62:41:62:54":40,"s:63:20:63:45":41,"b:64:2:64:53:undefined:undefined:undefined:undefined":7,"s:64:2:64:53":42,"b:64:6:64:21:64:25:64:40":8,"s:64:42:64:53":43,"s:65:12:65:13":44,"s:66:2:68:3":45,"s:66:15:66:16":46,"b:67:4:67:44:undefined:undefined:undefined:undefined":9,"s:67:4:67:44":47,"s:67:31:67:44":48,"s:69:2:69:77":49,"f:72:16:72:28":8,"s:73:2:79:4":50,"f:73:9:73:17":9,"s:74:4:74:14":51,"s:75:4:75:35":52,"s:76:12:76:53":53,"s:77:4:77:51":54,"s:78:4:78:49":55,"f:82:16:82:23":10,"b:82:35:82:39":10,"s:83:17:83:45":56,"b:83:17:83:20:83:25:83:44":11,"f:83:25:83:26":11,"s:83:31:83:44":57,"s:84:14:84:22":58,"s:85:2:88:3":59,"s:85:15:85:29":60,"s:86:14:86:44":61,"s:87:4:87:40":62,"s:89:2:89:13":63}}}
,"C:\\Users\\361\\Documents\\GitHub\\glottis\\utils\\recommendationModel.js": {"path":"C:\\Users\\361\\Documents\\GitHub\\glottis\\utils\\recommendationModel.js","statementMap":{"0":{"start":{"line":5,"column":29},"end":{"line":10,"column":1}},"1":{"start":{"line":19,"column":54},"end":{"line":19,"column":61}},"2":{"start":{"line":20,"column":25},"end":{"line":20,"column":66}},"3":{"start":{"line":21,"column":22},"end":{"line":21,"column":57}},"4":{"start":{"line":22,"column":21},"end":{"line":22,"column":54}},"5":{"start":{"line":23,"column":20},"end":{"line":23,"column":51}},"6":{"start":{"line":24,"column":2},"end":{"line":24,"column":62}},"7":{"start":{"line":28,"column":12},"end":{"line":28,"column":42}},"8":{"start":{"line":29,"column":2},"end":{"line":29,"column":32}},"9":{"start":{"line":39,"column":54},"end":{"line":39,"column":61}},"10":{"start":{"line":40,"column":14},"end":{"line":40,"column":15}},"11":{"start":{"line":41,"column":2},"end":{"line":41,"column":52}},"12":{"start":{"line":41,"column":41},"end":{"line":41,"column":52}},"13":{"start":{"line":42,"column":2},"end":{"line":42,"column":46}},"14":{"start":{"line":42,"column":35},"end":{"line":42,"column":46}},"15":{"start":{"line":43,"column":2},"end":{"line":43,"column":44}},"16":{"start":{"line":43,"column":33},"end":{"line":43,"column":44}},"17":{"start":{"line":44,"column":23},"end":{"line":46,"column":10}},"18":{"start":{"line":45,"column":4},"end":{"line":45,"column":38}},"19":{"start":{"line":47,"column":2},"end":{"line":47,"column":28}},"20":{"start":{"line":48,"column":2},"end":{"line":48,"column":43}},"21":{"start":{"line":49,"column":2},"end":{"line":49,"column":15}},"22":{"start":{"line":59,"column":10},"end":{"line":59,"column":25}},"23":{"start":{"line":60,"column":2},"end":{"line":62,"column":3}},"24":{"start":{"line":60,"column":15},"end":{"line":60,"column":16}},"25":{"start":{"line":61,"column":4},"end":{"line":61,"column":52}},"26":{"start":{"line":63,"column":2},"end":{"line":63,"column":20}},"27":{"start":{"line":66,"column":18},"end":{"line":66,"column":22}},"28":{"start":{"line":73,"column":2},"end":{"line":73,"column":38}},"29":{"start":{"line":73,"column":19},"end":{"line":73,"column":38}},"30":{"start":{"line":74,"column":20},"end":{"line":78,"column":3}},"31":{"start":{"line":79,"column":2},"end":{"line":86,"column":3}},"32":{"start":{"line":80,"column":16},"end":{"line":80,"column":53}},"33":{"start":{"line":81,"column":4},"end":{"line":81,"column":34}},"34":{"start":{"line":82,"column":4},"end":{"line":82,"column":23}},"35":{"start":{"line":84,"column":4},"end":{"line":84,"column":74}},"36":{"start":{"line":85,"column":4},"end":{"line":85,"column":16}}},"fnMap":{"0":{"name":"buildFeatures","decl":{"start":{"line":18,"column":16},"end":{"line":18,"column":29}},"loc":{"start":{"line":18,"column":45},"end":{"line":25,"column":1}},"line":18},"1":{"name":"sigmoid","decl":{"start":{"line":27,"column":9},"end":{"line":27,"column":16}},"loc":{"start":{"line":27,"column":20},"end":{"line":30,"column":1}},"line":27},"2":{"name":"computeFallbackScore","decl":{"start":{"line":38,"column":16},"end":{"line":38,"column":36}},"loc":{"start":{"line":38,"column":52},"end":{"line":50,"column":1}},"line":38},"3":{"name":"(anonymous_3)","decl":{"start":{"line":44,"column":50},"end":{"line":44,"column":51}},"loc":{"start":{"line":45,"column":4},"end":{"line":45,"column":38}},"line":45},"4":{"name":"predictProb","decl":{"start":{"line":58,"column":16},"end":{"line":58,"column":27}},"loc":{"start":{"line":58,"column":45},"end":{"line":64,"column":1}},"line":58},"5":{"name":"loadRecommendationModel","decl":{"start":{"line":72,"column":22},"end":{"line":72,"column":45}},"loc":{"start":{"line":72,"column":48},"end":{"line":87,"column":1}},"line":72}},"branchMap":{"0":{"loc":{"start":{"line":19,"column":10},"end":{"line":19,"column":24}},"type":"default-arg","locations":[{"start":{"line":19,"column":22},"end":{"line":19,"column":24}}],"line":19},"1":{"loc":{"start":{"line":19,"column":26},"end":{"line":19,"column":37}},"type":"default-arg","locations":[{"start":{"line":19,"column":35},"end":{"line":19,"column":37}}],"line":19},"2":{"loc":{"start":{"line":19,"column":39},"end":{"line":19,"column":49}},"type":"default-arg","locations":[{"start":{"line":19,"column":47},"end":{"line":19,"column":49}}],"line":19},"3":{"loc":{"start":{"line":20,"column":25},"end":{"line":20,"column":66}},"type":"cond-expr","locations":[{"start":{"line":20,"column":61},"end":{"line":20,"column":62}},{"start":{"line":20,"column":65},"end":{"line":20,"column":66}}],"line":20},"4":{"loc":{"start":{"line":21,"column":22},"end":{"line":21,"column":57}},"type":"cond-expr","locations":[{"start":{"line":21,"column":52},"end":{"line":21,"column":53}},{"start":{"line":21,"column":56},"end":{"line":21,"column":57}}],"line":21},"5":{"loc":{"start":{"line":22,"column":21},"end":{"line":22,"column":54}},"type":"cond-expr","locations":[{"start":{"line":22,"column":49},"end":{"line":22,"column":50}},{"start":{"line":22,"column":53},"end":{"line":22,"column":54}}],"line":22},"6":{"loc":{"start":{"line":23,"column":34},"end":{"line":23,"column":49}},"type":"binary-expr","locations":[{"start":{"line":23,"column":34},"end":{"line":23,"column":44}},{"start":{"line":23,"column":48},"end":{"line":23,"column":49}}],"line":23},"7":{"loc":{"start":{"line":39,"column":10},"end":{"line":39,"column":24}},"type":"default-arg","locations":[{"start":{"line":39,"column":22},"end":{"line":39,"column":24}}],"line":39},"8":{"loc":{"start":{"line":39,"column":26},"end":{"line":39,"column":37}},"type":"default-arg","locations":[{"start":{"line":39,"column":35},"end":{"line":39,"column":37}}],"line":39},"9":{"loc":{"start":{"line":39,"column":39},"end":{"line":39,"column":49}},"type":"default-arg","locations":[{"start":{"line":39,"column":47},"end":{"line":39,"column":49}}],"line":39},"10":{"loc":{"start":{"line":41,"column":2},"end":{"line":41,"column":52}},"type":"if","locations":[{"start":{"line":41,"column":2},"end":{"line":41,"column":52}},{"start":{},"end":{}}],"line":41},"11":{"loc":{"start":{"line":42,"column":2},"end":{"line":42,"column":46}},"type":"if","locations":[{"start":{"line":42,"column":2},"end":{"line":42,"column":46}},{"start":{},"end":{}}],"line":42},"12":{"loc":{"start":{"line":43,"column":2},"end":{"line":43,"column":44}},"type":"if","locations":[{"start":{"line":43,"column":2},"end":{"line":43,"column":44}},{"start":{},"end":{}}],"line":43},"13":{"loc":{"start":{"line":44,"column":24},"end":{"line":44,"column":41}},"type":"binary-expr","locations":[{"start":{"line":44,"column":24},"end":{"line":44,"column":35}},{"start":{"line":44,"column":39},"end":{"line":44,"column":41}}],"line":44},"14":{"loc":{"start":{"line":45,"column":5},"end":{"line":45,"column":25}},"type":"binary-expr","locations":[{"start":{"line":45,"column":5},"end":{"line":45,"column":19}},{"start":{"line":45,"column":23},"end":{"line":45,"column":25}}],"line":45},"15":{"loc":{"start":{"line":48,"column":25},"end":{"line":48,"column":40}},"type":"binary-expr","locations":[{"start":{"line":48,"column":25},"end":{"line":48,"column":35}},{"start":{"line":48,"column":39},"end":{"line":48,"column":40}}],"line":48},"16":{"loc":{"start":{"line":61,"column":34},"end":{"line":61,"column":50}},"type":"binary-expr","locations":[{"start":{"line":61,"column":34},"end":{"line":61,"column":45}},{"start":{"line":61,"column":49},"end":{"line":61,"column":50}}],"line":61},"17":{"loc":{"start":{"line":73,"column":2},"end":{"line":73,"column":38}},"type":"if","locations":[{"start":{"line":73,"column":2},"end":{"line":73,"column":38}},{"start":{},"end":{}}],"line":73}},"s":{"0":2,"1":7,"2":7,"3":7,"4":7,"5":7,"6":7,"7":7,"8":7,"9":7,"10":7,"11":7,"12":1,"13":7,"14":1,"15":7,"16":1,"17":7,"18":2,"19":7,"20":7,"21":7,"22":7,"23":7,"24":7,"25":28,"26":7,"27":2,"28":1,"29":0,"30":1,"31":1,"32":1,"33":1,"34":1,"35":0,"36":0},"f":{"0":7,"1":7,"2":7,"3":2,"4":7,"5":1},"b":{"0":[7],"1":[7],"2":[7],"3":[5,2],"4":[4,3],"5":[4,3],"6":[7,4],"7":[7],"8":[7],"9":[7],"10":[1,6],"11":[1,6],"12":[1,6],"13":[7,6],"14":[2,0],"15":[7,1],"16":[28,3],"17":[0,1]},"meta":{"lastBranch":18,"lastFunction":6,"lastStatement":37,"seen":{"s:5:29:10:1":0,"f:18:16:18:29":0,"s:19:54:19:61":1,"b:19:22:19:24":0,"b:19:35:19:37":1,"b:19:47:19:49":2,"s:20:25:20:66":2,"b:20:61:20:62:20:65:20:66":3,"s:21:22:21:57":3,"b:21:52:21:53:21:56:21:57":4,"s:22:21:22:54":4,"b:22:49:22:50:22:53:22:54":5,"s:23:20:23:51":5,"b:23:34:23:44:23:48:23:49":6,"s:24:2:24:62":6,"f:27:9:27:16":1,"s:28:12:28:42":7,"s:29:2:29:32":8,"f:38:16:38:36":2,"s:39:54:39:61":9,"b:39:22:39:24":7,"b:39:35:39:37":8,"b:39:47:39:49":9,"s:40:14:40:15":10,"b:41:2:41:52:undefined:undefined:undefined:undefined":10,"s:41:2:41:52":11,"s:41:41:41:52":12,"b:42:2:42:46:undefined:undefined:undefined:undefined":11,"s:42:2:42:46":13,"s:42:35:42:46":14,"b:43:2:43:44:undefined:undefined:undefined:undefined":12,"s:43:2:43:44":15,"s:43:33:43:44":16,"s:44:23:46:10":17,"b:44:24:44:35:44:39:44:41":13,"f:44:50:44:51":3,"s:45:4:45:38":18,"b:45:5:45:19:45:23:45:25":14,"s:47:2:47:28":19,"s:48:2:48:43":20,"b:48:25:48:35:48:39:48:40":15,"s:49:2:49:15":21,"f:58:16:58:27":4,"s:59:10:59:25":22,"s:60:2:62:3":23,"s:60:15:60:16":24,"s:61:4:61:52":25,"b:61:34:61:45:61:49:61:50":16,"s:63:2:63:20":26,"s:66:18:66:22":27,"f:72:22:72:45":5,"b:73:2:73:38:undefined:undefined:undefined:undefined":17,"s:73:2:73:38":28,"s:73:19:73:38":29,"s:74:20:78:3":30,"s:79:2:86:3":31,"s:80:16:80:53":32,"s:81:4:81:34":33,"s:82:4:82:23":34,"s:84:4:84:74":35,"s:85:4:85:16":36}}}
,"C:\\Users\\361\\Documents\\GitHub\\glottis\\utils\\streakUtils.js": {"path":"C:\\Users\\361\\Documents\\GitHub\\glottis\\utils\\streakUtils.js","statementMap":{"0":{"start":{"line":8,"column":16},"end":{"line":8,"column":32}},"1":{"start":{"line":9,"column":2},"end":{"line":9,"column":38}},"2":{"start":{"line":9,"column":26},"end":{"line":9,"column":38}},"3":{"start":{"line":11,"column":20},"end":{"line":11,"column":37}},"4":{"start":{"line":13,"column":20},"end":{"line":13,"column":41}},"5":{"start":{"line":14,"column":20},"end":{"line":14,"column":39}},"6":{"start":{"line":15,"column":2},"end":{"line":15,"column":45}},"7":{"start":{"line":17,"column":14},"end":{"line":17,"column":47}},"8":{"start":{"line":17,"column":21},"end":{"line":17,"column":47}},"9":{"start":{"line":18,"column":17},"end":{"line":19,"column":72}},"10":{"start":{"line":19,"column":4},"end":{"line":19,"column":72}},"11":{"start":{"line":20,"column":23},"end":{"line":20,"column":40}},"12":{"start":{"line":22,"column":17},"end":{"line":26,"column":3}},"13":{"start":{"line":28,"column":2},"end":{"line":31,"column":3}},"14":{"start":{"line":29,"column":4},"end":{"line":29,"column":67}},"15":{"start":{"line":30,"column":4},"end":{"line":30,"column":53}},"16":{"start":{"line":33,"column":22},"end":{"line":33,"column":50}},"17":{"start":{"line":34,"column":2},"end":{"line":38,"column":3}},"18":{"start":{"line":35,"column":4},"end":{"line":35,"column":48}},"19":{"start":{"line":36,"column":4},"end":{"line":36,"column":43}},"20":{"start":{"line":37,"column":4},"end":{"line":37,"column":39}},"21":{"start":{"line":40,"column":2},"end":{"line":40,"column":16}}},"fnMap":{"0":{"name":"computeStreakUpdate","decl":{"start":{"line":7,"column":16},"end":{"line":7,"column":35}},"loc":{"start":{"line":7,"column":55},"end":{"line":41,"column":1}},"line":7},"1":{"name":"(anonymous_1)","decl":{"start":{"line":17,"column":14},"end":{"line":17,"column":15}},"loc":{"start":{"line":17,"column":21},"end":{"line":17,"column":47}},"line":17},"2":{"name":"(anonymous_2)","decl":{"start":{"line":18,"column":17},"end":{"line":18,"column":18}},"loc":{"start":{"line":19,"column":4},"end":{"line":19,"column":72}},"line":19}},"branchMap":{"0":{"loc":{"start":{"line":9,"column":2},"end":{"line":9,"column":38}},"type":"if","locations":[{"start":{"line":9,"column":2},"end":{"line":9,"column":38}},{"start":{},"end":{}}],"line":9},"1":{"loc":{"start":{"line":28,"column":2},"end":{"line":31,"column":3}},"type":"if","locations":[{"start":{"line":28,"column":2},"end":{"line":31,"column":3}},{"start":{},"end":{}}],"line":28},"2":{"loc":{"start":{"line":29,"column":30},"end":{"line":29,"column":61}},"type":"binary-expr","locations":[{"start":{"line":29,"column":30},"end":{"line":29,"column":56}},{"start":{"line":29,"column":60},"end":{"line":29,"column":61}}],"line":29},"3":{"loc":{"start":{"line":30,"column":23},"end":{"line":30,"column":52}},"type":"binary-expr","locations":[{"start":{"line":30,"column":23},"end":{"line":30,"column":43}},{"start":{"line":30,"column":47},"end":{"line":30,"column":52}}],"line":30},"4":{"loc":{"start":{"line":33,"column":22},"end":{"line":33,"column":50}},"type":"binary-expr","locations":[{"start":{"line":33,"column":22},"end":{"line":33,"column":45}},{"start":{"line":33,"column":49},"end":{"line":33,"column":50}}],"line":33},"5":{"loc":{"start":{"line":34,"column":2},"end":{"line":38,"column":3}},"type":"if","locations":[{"start":{"line":34,"column":2},"end":{"line":38,"column":3}},{"start":{},"end":{}}],"line":34}},"s":{"0":5,"1":5,"2":1,"3":4,"4":4,"5":4,"6":4,"7":4,"8":8,"9":4,"10":4,"11":4,"12":4,"13":4,"14":2,"15":2,"16":4,"17":5,"18":3,"19":3,"20":3,"21":4},"f":{"0":5,"1":8,"2":4},"b":{"0":[1,4],"1":[2,2],"2":[2,0],"3":[2,0],"4":[4,2],"5":[3,2]},"meta":{"lastBranch":6,"lastFunction":3,"lastStatement":22,"seen":{"f:7:16:7:35":0,"s:8:16:8:32":0,"b:9:2:9:38:undefined:undefined:undefined:undefined":0,"s:9:2:9:38":1,"s:9:26:9:38":2,"s:11:20:11:37":3,"s:13:20:13:41":4,"s:14:20:14:39":5,"s:15:2:15:45":6,"s:17:14:17:47":7,"f:17:14:17:15":1,"s:17:21:17:47":8,"s:18:17:19:72":9,"f:18:17:18:18":2,"s:19:4:19:72":10,"s:20:23:20:40":11,"s:22:17:26:3":12,"b:28:2:31:3:undefined:undefined:undefined:undefined":1,"s:28:2:31:3":13,"s:29:4:29:67":14,"b:29:30:29:56:29:60:29:61":2,"s:30:4:30:53":15,"b:30:23:30:43:30:47:30:52":3,"s:33:22:33:50":16,"b:33:22:33:45:33:49:33:50":4,"b:34:2:38:3:undefined:undefined:undefined:undefined":5,"s:34:2:38:3":17,"s:35:4:35:48":18,"s:36:4:36:43":19,"s:37:4:37:39":20,"s:40:2:40:16":21}}}
}
